UPDATE N64 SET game_name = 'aaaaaaaaaaaaa', game_name2 = '', game_name3 = 'bbbbbbbbb' WHERE game_name = 'aaaaaaaaaaaaa', game_name2 = '', game_name3 = ''
UPDATE SMD SET game_name = 'AeroBlasters (W)', game_name2 = '', game_name3 = '' WHERE game_name = 'Aah! Harimanada (Jap)', game_name2 = '', game_name3 = ''
UPDATE SMD SET game_name = 'Bare Knuckle 3 (J)', game_name2 = '', game_name3 = '' WHERE game_name = 'Ballz (W)', game_name2 = '', game_name3 = ''
UPDATE SMD SET game_name = 'Battle Mania 2 (J)', game_name2 = '', game_name3 = '' WHERE game_name = 'Barkley Shut Up And Jam ()', game_name2 = '', game_name3 = ''
UPDATE SMD SET game_name = 'FIFA Soccer '99 (R)', game_name2 = '', game_name3 = '' WHERE game_name = 'FIFA Soccer '98 - Road To The World Cup (E) (M5)', game_name2 = '', game_name3 = ''
UPDATE SMD SET game_name = 'Super Donkey Kong 99 (Pirate)', game_name2 = '', game_name3 = '' WHERE game_name = 'Streets of Rage ()', game_name2 = '', game_name3 = ''
UPDATE N64 SET game_name = 'Bass Hunter 64 &#45; In Fisherman ()', game_name2 = '', game_name3 = '' WHERE game_name = 'Armorines - Project S', game_name2 = '', game_name3 = ''
UPDATE N64 SET game_name = 'Cruis'n Exotica: Activators ()', game_name2 = '', game_name3 = '' WHERE game_name = 'Bio F', game_name2 = '', game_name3 = ''
UPDATE N64 SET game_name = 'Majora's Mask Demo ()', game_name2 = '', game_name3 = '' WHERE game_name = 'Major League Baseball featuring Ken Griffey Jr', game_name2 = '', game_name3 = ''
UPDATE N64 SET game_name = 'NHL Blades Of Steel 2000 ()', game_name2 = '', game_name3 = '' WHERE game_name = 'Ms', game_name2 = '', game_name3 = ''
UPDATE N64 SET game_name = 'Star Fox 64 Version 1.0 ()', game_name2 = '', game_name3 = '' WHERE game_name = 'S', game_name2 = '', game_name3 = ''
UPDATE N64 SET game_name = 'Rainbow 6 ()', game_name2 = '', game_name3 = '' WHERE game_name = 'Olympic Hockey Nagano '98 (USA)', game_name2 = '', game_name3 = ''
UPDATE N64 SET game_name = 'Star Fox 64 Version 1.0 ()', game_name2 = '', game_name3 = '' WHERE game_name = 'Ridge Racer 64 ()', game_name2 = '', game_name3 = ''
UPDATE N64 SET game_name = 'Wayne Gretzky's 3D Hockey `98 ()', game_name2 = '', game_name3 = '' WHERE game_name = 'Super Smash Bros', game_name2 = '', game_name3 = ''
UPDATE N64 SET game_name = 'Winback: Covert Operations ()', game_name2 = '', game_name3 = '' WHERE game_name = 'WCW Vs NWO &#45; World Tour Version 1.0 ()', game_name2 = '', game_name3 = ''
UPDATE N64 SET game_name = 'NHL Blades Of Steel 2000 ()', game_name2 = '', game_name3 = '' WHERE game_name = 'Midway's Greatest Arcade Hits Vol. 1 (USA)', game_name2 = '', game_name3 = ''
UPDATE N64 SET game_name = '007 - GoldenEye (USA)', game_name2 = 'GoldenEye 007', game_name3 = '' WHERE game_name = '007 - GoldenEye (USA)', game_name2 = '', game_name3 = ''
UPDATE PS2 SET game_name = 'Grand Theft Auto: Vice City ()', game_name2 = 'SLUS-20552', game_name3 = '' WHERE game_name = 'Grand Theft Auto: Vice City ()', game_name2 = '', game_name3 = ''
UPDATE N64 SET game_name = 'Legend of Zelda, The - Majora's Mask (USA)', game_name2 = 'The Legend of Zelda - Majora's Mask (U)', game_name3 = '' WHERE game_name = 'Legend of Zelda, The - Majora's Mask (USA)', game_name2 = '', game_name3 = ''
UPDATE N64 SET game_name = 'Legend of Zelda, The - Ocarina of Time (USA) (Rev B)', game_name2 = 'Legend of Zelda, The - Ocarina of Time (USA) (Rev B)', game_name3 = '' WHERE game_name = 'Legend of Zelda, The - Ocarina of Time (USA) (Rev B)', game_name2 = '', game_name3 = ''
UPDATE N64 SET game_name = 'Legend of Zelda, The - Ocarina of Time (USA) (Rev A)', game_name2 = 'Legend of Zelda, The - Ocarina of Time (USA) (Rev A)', game_name3 = '' WHERE game_name = 'Legend of Zelda, The - Ocarina of Time (USA) (Rev A)', game_name2 = '', game_name3 = ''
UPDATE N64 SET game_name = 'Legend of Zelda, The - Ocarina of Time (USA)', game_name2 = 'Legend of Zelda, The - Ocarina of Time (USA)', game_name3 = '' WHERE game_name = 'Legend of Zelda, The - Ocarina of Time (USA)', game_name2 = '', game_name3 = ''
UPDATE N64 SET game_name = 'New Tetris, The (USA)', game_name2 = 'The New Tetris', game_name3 = '' WHERE game_name = 'New Tetris, The (USA)', game_name2 = '', game_name3 = ''
UPDATE N64 SET game_name = 'Powerpuff Girls, The - Chemical X-Traction (USA)', game_name2 = 'The Powerpuff Girls - Chemical X-traction (U)', game_name3 = '' WHERE game_name = 'Powerpuff Girls, The - Chemical X-Traction (USA)', game_name2 = '', game_name3 = ''
UPDATE N64 SET game_name = 'Legend of Zelda, The - Majora's Mask (USA)', game_name2 = 'The Legend of Zelda - Majora's Mask (U)', game_name3 = '' WHERE game_name = 'Legend of Zelda, The - Ocarina of Time (USA) (Rev B)', game_name2 = 'Legend of Zelda, The - Ocarina of Time (USA) (Rev B)', game_name3 = ''
UPDATE N64 SET game_name = 'Legend of Zelda, The - Majora's Mask (USA)', game_name2 = 'The Legend of Zelda - Majora's Mask (U)', game_name3 = '' WHERE game_name = 'Legend of Zelda, The - Ocarina of Time (USA) (Rev A)', game_name2 = 'Legend of Zelda, The - Ocarina of Time (USA) (Rev A)', game_name3 = ''
UPDATE N64 SET game_name = 'Legend of Zelda, The - Majora's Mask (USA)', game_name2 = 'The Legend of Zelda - Majora's Mask (U)', game_name3 = '' WHERE game_name = 'Legend of Zelda, The - Ocarina of Time (USA)', game_name2 = 'Legend of Zelda, The - Ocarina of Time (USA)', game_name3 = ''
UPDATE N64 SET game_name = 'Legend of Zelda, The - Ocarina of Time (USA) (Rev A)', game_name2 = 'The Legend of Zelda - Ocarina of Time (RU) (V1.1)', game_name3 = '' WHERE game_name = 'Legend of Zelda, The - Ocarina of Time (USA) (Rev A)', game_name2 = 'The Legend of Zelda - Ocarina of Time (RU) (V1.1)', game_name3 = ''
UPDATE N64 SET game_name = 'Legend of Zelda, The - Ocarina of Time (USA) (Rev A)', game_name2 = 'The Legend of Zelda - Ocarina of Time (RU) (V1.1)', game_name3 = ' ' WHERE game_name = 'Legend of Zelda, The - Ocarina of Time (USA) (Rev A)', game_name2 = 'The Legend of Zelda - Ocarina of Time (RU) (V1.1)', game_name3 = ''
UPDATE N64 SET game_name = 'Legend of Zelda, The - Ocarina of Time (USA) (Rev A)', game_name2 = 'The Legend of Zelda - Ocarina of Time (RU) (V1.1)', game_name3 = '-none-' WHERE game_name = 'Legend of Zelda, The - Ocarina of Time (USA) (Rev A)', game_name2 = 'The Legend of Zelda - Ocarina of Time (RU) (V1.1)', game_name3 = ' '
UPDATE N64 SET game_name = 'Legend of Zelda, The - Ocarina of Time (USA)', game_name2 = 'The Legend of Zelda - Ocarina of Time (RU)', game_name3 = '' WHERE game_name = 'Legend of Zelda, The - Ocarina of Time (USA) (Rev A)', game_name2 = 'The Legend of Zelda - Ocarina of Time (RU) (V1.1)', game_name3 = '-none-'
UPDATE N64 SET game_name = 'Legend of Zelda, The - Ocarina of Time (USA) (Rev A)', game_name2 = '', game_name3 = '-none-' WHERE game_name = 'Legend of Zelda, The - Ocarina of Time (USA) (Rev A)', game_name2 = '', game_name3 = '-none-'
UPDATE N64 SET game_name = 'Legend of Zelda, The - Ocarina of Time (USA) (Rev A)', game_name2 = '', game_name3 = '' WHERE game_name = 'Legend of Zelda, The - Ocarina of Time (USA) (Rev A)', game_name2 = '', game_name3 = '-none-'
UPDATE N64 SET game_name = 'Legend of Zelda, The - Majora's Mask (USA)', game_name2 = 'The Legend of Zelda - Majora's Mask (U)', game_name3 = '' WHERE game_name = 'Legend of Zelda, The - Ocarina of Time (USA)', game_name2 = 'The Legend of Zelda - Ocarina of Time (RU)', game_name3 = ''
UPDATE N64 SET game_name = 'Legend of Zelda, The - Ocarina of Time (USA) (Rev A)', game_name2 = '', game_name3 = '' WHERE game_name = 'Legend of Zelda, The - Ocarina of Time (USA)', game_name2 = '', game_name3 = ''
UPDATE N64 SET game_name = 'Legend of Zelda, The - Ocarina of Time (USA)', game_name2 = 'The Legend of Zelda - Ocarina of Time (RU)', game_name3 = '' WHERE game_name = 'Legend of Zelda, The - Ocarina of Time (USA) (Rev B)', game_name2 = 'The Legend of Zelda - Ocarina of Time (RU) (V1.2)', game_name3 = ''
UPDATE PS2 SET game_name = '.hack Part 2: Mutation ()', game_name2 = 'SLUS-20267', game_name3 = '' WHERE game_name = '.hack Part 2: Mutation ()', game_name2 = '', game_name3 = ''
UPDATE PS2 SET game_name = '18 Wheeler: American Pro Trucker ()', game_name2 = 'SLUS-12345', game_name3 = '' WHERE game_name = '18 Wheeler: American Pro Trucker ()', game_name2 = '', game_name3 = ''
UPDATE PS2 SET game_name = 'Ace Combat 4 - Shattered Skies ()', game_name2 = 'SLUS-20152', game_name3 = '' WHERE game_name = 'Ace Combat 4 - Shattered Skies ()', game_name2 = '', game_name3 = ''
UPDATE PS2 SET game_name = 'Activision Anthology ()', game_name2 = 'SLUS-20588', game_name3 = '' WHERE game_name = 'Activision Anthology ()', game_name2 = '', game_name3 = ''
UPDATE PS2 SET game_name = 'Aggressive Inline ()', game_name2 = 'SLUS-20327', game_name3 = '' WHERE game_name = 'Aggressive Inline ()', game_name2 = '', game_name3 = ''
UPDATE PS2 SET game_name = 'AirBlade ()', game_name2 = 'SCES-50246', game_name3 = '' WHERE game_name = 'AirBlade ()', game_name2 = '', game_name3 = ''
UPDATE PS2 SET game_name = 'Armored Core 2: Another Age ()', game_name2 = 'SLUS-20249', game_name3 = '' WHERE game_name = 'Armored Core 2: Another Age ()', game_name2 = '', game_name3 = ''
UPDATE PS2 SET game_name = 'Armored Core 3 ()', game_name2 = 'SLUS-20014', game_name3 = '' WHERE game_name = 'Armored Core 3 ()', game_name2 = '', game_name3 = ''
UPDATE PS2 SET game_name = '2002 FIFA World Cup ()', game_name2 = '', game_name3 = 'SLUS-20404' WHERE game_name = '2002 FIFA World Cup ()', game_name2 = '', game_name3 = ''
UPDATE PS2 SET game_name = '4 x 4 Evolution ()', game_name2 = '', game_name3 = 'SLUS-20091' WHERE game_name = '4 x 4 Evolution ()', game_name2 = '', game_name3 = ''
UPDATE PS2 SET game_name = '4 x 4 Evolution ()', game_name2 = 'SLUS-20091', game_name3 = 'SLUS-20091' WHERE game_name = '4 x 4 Evolution ()', game_name2 = '', game_name3 = 'SLUS-20091'
UPDATE PS2 SET game_name = '2002 FIFA World Cup ()', game_name2 = 'SLUS-20404', game_name3 = 'SLUS-20404' WHERE game_name = '2002 FIFA World Cup ()', game_name2 = '', game_name3 = 'SLUS-20404'
UPDATE PS2 SET game_name = '2002 FIFA World Cup ()', game_name2 = 'SLUS-20404', game_name3 = '' WHERE game_name = '2002 FIFA World Cup ()', game_name2 = 'SLUS-20404', game_name3 = 'SLUS-20404'
UPDATE PS2 SET game_name = '4 x 4 Evolution ()', game_name2 = 'SLUS-20091', game_name3 = '' WHERE game_name = '4 x 4 Evolution ()', game_name2 = 'SLUS-20091', game_name3 = 'SLUS-20091'
UPDATE PS2 SET game_name = 'Adventures Of Cookie & Cream ()', game_name2 = 'SLUS-20170', game_name3 = '' WHERE game_name = 'Adventures Of Cookie & Cream ()', game_name2 = '', game_name3 = ''
UPDATE PS2 SET game_name = 'All-Star Baseball 2003 ()', game_name2 = 'SLES-50447', game_name3 = '' WHERE game_name = 'All-Star Baseball 2003 ()', game_name2 = '', game_name3 = ''
UPDATE PS2 SET game_name = 'Aqua Aqua ()', game_name2 = 'SLUS-20162', game_name3 = '' WHERE game_name = 'Aqua Aqua ()', game_name2 = '', game_name3 = ''
UPDATE PS2 SET game_name = 'Arctic Thunder ()', game_name2 = 'SLUS-20217', game_name3 = '' WHERE game_name = 'Arctic Thunder ()', game_name2 = '', game_name3 = ''
UPDATE PS2 SET game_name = 'Army Men: Air Attack 2 ()', game_name2 = 'SLUS-20004', game_name3 = '' WHERE game_name = 'Army Men: Air Attack 2 ()', game_name2 = '', game_name3 = ''
UPDATE PS2 SET game_name = 'Army Men: Green Rogue ()', game_name2 = 'SLUS-20087', game_name3 = '' WHERE game_name = 'Army Men: Green Rogue ()', game_name2 = '', game_name3 = ''
UPDATE PS2 SET game_name = 'Army Men: Sarge's Heroes 2 ()', game_name2 = 'SLUS-20132', game_name3 = '' WHERE game_name = 'Army Men: Sarge's Heroes 2 ()', game_name2 = '', game_name3 = ''
UPDATE PS2 SET game_name = 'ATV: Offroad Fury Version 1.1 ()', game_name2 = 'SCUS-97104', game_name3 = '' WHERE game_name = 'ATV: Offroad Fury Version 1.1 ()', game_name2 = '', game_name3 = ''
UPDATE PS2 SET game_name = 'Baldur's Gate: Dark Alliance ()', game_name2 = 'SLUS-20035', game_name3 = '' WHERE game_name = 'Baldur's Gate: Dark Alliance ()', game_name2 = '', game_name3 = ''
UPDATE PS2 SET game_name = 'Barbarian ()', game_name2 = 'SLUS-20136', game_name3 = '' WHERE game_name = 'Barbarian ()', game_name2 = '', game_name3 = ''
UPDATE PS2 SET game_name = 'Bass Strike ()', game_name2 = 'SLUS-20325', game_name3 = '' WHERE game_name = 'Bass Strike ()', game_name2 = '', game_name3 = ''
UPDATE PS2 SET game_name = 'Batman Vengeance Version 1.1 ()', game_name2 = 'SLES-50355', game_name3 = '' WHERE game_name = 'Batman Vengeance Version 1.1 ()', game_name2 = '', game_name3 = ''
UPDATE PS2 SET game_name = 'Blade II ()', game_name2 = 'SLUS-20360', game_name3 = '' WHERE game_name = 'Blade II ()', game_name2 = '', game_name3 = ''
UPDATE PS2 SET game_name = 'Blood Rayne ()', game_name2 = 'SLUS-20461', game_name3 = '' WHERE game_name = 'Blood Rayne ()', game_name2 = '', game_name3 = ''
UPDATE PS2 SET game_name = 'Bloody Omen 2: Legacy of Kain ()', game_name2 = 'SLUS-20024', game_name3 = '' WHERE game_name = 'Bloody Omen 2: Legacy of Kain ()', game_name2 = '', game_name3 = ''
UPDATE PS2 SET game_name = 'Bloody Roar 3 ()', game_name2 = 'SLUS-20212', game_name3 = '' WHERE game_name = 'Bloody Roar 3 ()', game_name2 = '', game_name3 = ''
UPDATE PS2 SET game_name = 'BMX XXX ()', game_name2 = 'SLUS-20415', game_name3 = '' WHERE game_name = 'BMX XXX ()', game_name2 = '', game_name3 = ''
UPDATE PS2 SET game_name = 'Bouncer, The ()', game_name2 = 'SLUS-20069', game_name3 = '' WHERE game_name = 'Bouncer, The ()', game_name2 = '', game_name3 = ''
UPDATE PS2 SET game_name = 'Britney's Dance Beat ()', game_name2 = 'SLUS-20402', game_name3 = '' WHERE game_name = 'Britney's Dance Beat ()', game_name2 = '', game_name3 = ''
UPDATE PS2 SET game_name = 'Burnout ()', game_name2 = 'SLUS-20307', game_name3 = '' WHERE game_name = 'Burnout ()', game_name2 = '', game_name3 = ''
UPDATE PS2 SET game_name = 'Burnout 2: Point of Impact ()', game_name2 = 'SLUS-20497', game_name3 = '' WHERE game_name = 'Burnout 2: Point of Impact ()', game_name2 = '', game_name3 = ''
UPDATE PS2 SET game_name = 'Capcom Vs. SNK 2: Mark Of The Millennium ()', game_name2 = 'SLUS-20246', game_name3 = '' WHERE game_name = 'Capcom Vs. SNK 2: Mark Of The Millennium ()', game_name2 = '', game_name3 = ''
UPDATE PS2 SET game_name = 'Casper: Spirit Dimensions ()', game_name2 = 'SLES-50647', game_name3 = '' WHERE game_name = 'Casper: Spirit Dimensions ()', game_name2 = '', game_name3 = ''
UPDATE PS2 SET game_name = 'City Crisis ()', game_name2 = 'SLES-50364', game_name3 = '' WHERE game_name = 'City Crisis ()', game_name2 = '', game_name3 = ''
UPDATE PS2 SET game_name = 'Contra: Shattered Soldiers ()', game_name2 = 'SLUS-20306', game_name3 = '' WHERE game_name = 'Contra: Shattered Soldiers ()', game_name2 = '', game_name3 = ''
UPDATE PS2 SET game_name = 'Crazy Taxi ()', game_name2 = 'SLUS-20202', game_name3 = '' WHERE game_name = 'Crazy Taxi ()', game_name2 = '', game_name3 = ''
UPDATE PS2 SET game_name = 'Dark Angel: Vampire Apocalypse ()', game_name2 = 'SLUS-20131', game_name3 = '' WHERE game_name = 'Dark Angel: Vampire Apocalypse ()', game_name2 = '', game_name3 = ''
UPDATE PS2 SET game_name = 'Dave Mirra Freestyle BMX 2 ()', game_name2 = 'SLUS-20159', game_name3 = '' WHERE game_name = 'Dave Mirra Freestyle BMX 2 ()', game_name2 = '', game_name3 = ''
UPDATE PS2 SET game_name = 'DDRMAX Dance Dance Revolution ()', game_name2 = 'SLUS-20437', game_name3 = '' WHERE game_name = 'DDRMAX Dance Dance Revolution ()', game_name2 = '', game_name3 = ''
UPDATE PS2 SET game_name = 'Dead or Alive 2: Hardcore ()', game_name2 = 'SLUS-20071', game_name3 = '' WHERE game_name = 'Dead or Alive 2: Hardcore ()', game_name2 = '', game_name3 = ''
UPDATE PS2 SET game_name = 'Defender ()', game_name2 = 'SLUS-20191', game_name3 = '' WHERE game_name = 'Defender ()', game_name2 = '', game_name3 = ''
UPDATE PS2 SET game_name = 'Devil May Cry ()', game_name2 = 'SLUS-20216', game_name3 = '' WHERE game_name = 'Devil May Cry ()', game_name2 = '', game_name3 = ''
UPDATE PS2 SET game_name = 'Dino Stalker ()', game_name2 = 'SLUS-20485', game_name3 = '' WHERE game_name = 'Dino Stalker ()', game_name2 = '', game_name3 = ''
UPDATE PS2 SET game_name = 'Disney's Tarzan Untamed ()', game_name2 = 'SLUS-20076', game_name3 = '' WHERE game_name = 'Disney's Tarzan Untamed ()', game_name2 = '', game_name3 = ''
UPDATE PS2 SET game_name = 'Downforce ()', game_name2 = 'SLUS-20405', game_name3 = '' WHERE game_name = 'Downforce ()', game_name2 = '', game_name3 = ''
UPDATE PS2 SET game_name = 'Dragonball Z Budokai 3 ()', game_name2 = 'SLUS-20998', game_name3 = '' WHERE game_name = 'Dragonball Z Budokai 3 ()', game_name2 = '', game_name3 = ''
UPDATE PS2 SET game_name = 'Dragonball Z: Budokai ()', game_name2 = 'SLUS-20591', game_name3 = '' WHERE game_name = 'Dragonball Z: Budokai ()', game_name2 = '', game_name3 = ''
UPDATE PS2 SET game_name = 'Drakan: The Ancient's Gates ()', game_name2 = 'SCUS-97128', game_name3 = '' WHERE game_name = 'Drakan: The Ancient's Gates ()', game_name2 = '', game_name3 = ''
UPDATE PS2 SET game_name = 'Driven ()', game_name2 = 'SLES-50390', game_name3 = '' WHERE game_name = 'Driven ()', game_name2 = '', game_name3 = ''
UPDATE PS2 SET game_name = 'Driving Emotion Type-S ()', game_name2 = 'SLUS-20113', game_name3 = '' WHERE game_name = 'Driving Emotion Type-S ()', game_name2 = '', game_name3 = ''
UPDATE PS2 SET game_name = 'Drome Racers ()', game_name2 = 'SLES-51303', game_name3 = '' WHERE game_name = 'Drome Racers ()', game_name2 = '', game_name3 = ''
UPDATE PS2 SET game_name = 'Dropship ()', game_name2 = 'SLUS-20463', game_name3 = '' WHERE game_name = 'Dropship ()', game_name2 = '', game_name3 = ''
UPDATE PS2 SET game_name = 'Dual Hearts ()', game_name2 = 'SLUS-20475', game_name3 = '' WHERE game_name = 'Dual Hearts ()', game_name2 = '', game_name3 = ''
UPDATE PS2 SET game_name = 'Dynasty Warriors 2 ()', game_name2 = 'SLUS-20079', game_name3 = '' WHERE game_name = 'Dynasty Warriors 2 ()', game_name2 = '', game_name3 = ''
UPDATE PS2 SET game_name = 'Dynasty Warriors 3 ()', game_name2 = 'SLUS-20277', game_name3 = '' WHERE game_name = 'Dynasty Warriors 3 ()', game_name2 = '', game_name3 = ''
